[19/Sep/2020 05:03:16] INFO [django.server:154] "GET /accounts/ HTTP/1.1" 200 249
[19/Sep/2020 05:03:17] INFO [django.server:154] "GET /accounts/logout HTTP/1.1" 200 199
[19/Sep/2020 05:03:39] INFO [django.server:154] "GET /accounts/ HTTP/1.1" 200 249
[19/Sep/2020 05:07:43] INFO [django.utils.autoreload:213] /Users/nakashimayuta/Documents/GitHub/favolyric/app/accounts/urls.py changed, reloading.
[19/Sep/2020 05:07:44] INFO [django.utils.autoreload:586] Watching for file changes with StatReloader
[19/Sep/2020 05:07:54] INFO [django.utils.autoreload:213] /Users/nakashimayuta/Documents/GitHub/favolyric/app/accounts/urls.py changed, reloading.
[19/Sep/2020 05:07:55] INFO [django.utils.autoreload:586] Watching for file changes with StatReloader
[19/Sep/2020 05:07:59] INFO [django.server:154] "GET /accounts/logout HTTP/1.1" 301 0
[19/Sep/2020 05:07:59] INFO [django.server:154] "GET /accounts/logout/ HTTP/1.1" 302 0
[19/Sep/2020 05:07:59] INFO [django.server:154] "GET /accounts/login HTTP/1.1" 200 443
[19/Sep/2020 05:08:01] INFO [django.server:154] "POST /accounts/login HTTP/1.1" 200 443
[19/Sep/2020 05:08:03] INFO [django.server:154] "GET /accounts/auth/login/google-oauth2/ HTTP/1.1" 302 0
[19/Sep/2020 05:08:03] INFO [django.server:154] "GET /accounts/auth/complete/google-oauth2/?state=XyixtCTfBxqvmpNHOebrhqwN33QvulxN&code=4%2F4QHFeoXPI4byM0zk001I05BEWRxgxNLH2qvbyTV57dlmnHQHic8nwV_thYBm_Cd-GG3VniFmazTDa2TeIFWL7xs&scope=email+profile+https%3A%2F%2Fwww.googleapis.com%2Fauth%2Fuserinfo.email+openid+https%3A%2F%2Fwww.googleapis.com%2Fauth%2Fuserinfo.profile&authuser=0&prompt=none HTTP/1.1" 302 0
[19/Sep/2020 05:08:04] INFO [django.server:154] "GET /accounts/ HTTP/1.1" 200 250
[19/Sep/2020 05:08:07] INFO [django.server:154] "GET /accounts/logout/ HTTP/1.1" 302 0
[19/Sep/2020 05:08:07] INFO [django.server:154] "GET /accounts/login HTTP/1.1" 200 443
[21/Sep/2020 01:47:24] INFO [django.server:154] "GET /accounts/login HTTP/1.1" 200 443
[21/Sep/2020 01:47:25] WARNING [django.request:228] Not Found: /favicon.ico
[21/Sep/2020 01:47:25] WARNING [django.server:154] "GET /favicon.ico HTTP/1.1" 404 2538
[21/Sep/2020 03:47:37] INFO [django.utils.autoreload:586] Watching for file changes with StatReloader
[21/Sep/2020 03:47:42] INFO [django.server:154] "GET /accounts/auth/login/google-oauth2/ HTTP/1.1" 302 0
[21/Sep/2020 03:47:43] INFO [django.server:154] "GET /accounts/auth/complete/google-oauth2/?state=u89GblUjU0w8nLk6LEpQJ5eSN4OFi20s&code=4%2F4QHlrubLy8Y2GtDgGVq22fR--TJUQxombkU-_ArJ3WDu7pq9SqjZuN0qweLee3h--hwKAikjkCIkrNvhALHgfLo&scope=email+profile+https%3A%2F%2Fwww.googleapis.com%2Fauth%2Fuserinfo.email+https%3A%2F%2Fwww.googleapis.com%2Fauth%2Fuserinfo.profile+openid&authuser=0&prompt=none HTTP/1.1" 302 0
[21/Sep/2020 03:47:43] INFO [django.server:154] "GET /accounts/ HTTP/1.1" 200 250
[21/Sep/2020 03:47:44] INFO [django.server:154] "GET /accounts/logout/ HTTP/1.1" 302 0
[21/Sep/2020 03:47:44] INFO [django.server:154] "GET /accounts/login HTTP/1.1" 200 443
[21/Sep/2020 03:47:45] INFO [django.server:154] "POST /accounts/login HTTP/1.1" 200 443
[21/Sep/2020 03:47:47] INFO [django.server:154] "GET /accounts/auth/login/google-oauth2/ HTTP/1.1" 302 0
[21/Sep/2020 03:47:48] INFO [django.server:154] "GET /accounts/auth/complete/google-oauth2/?state=MQW00LpLmSl1qpavW3TM6XI8sJ3JwZNl&code=4%2F4QHgyBTvUxbii17tPDF-PxO8PuUQ3fAvKjHpZLca0HV88nFXM8fprcvfmAEmst9XNK0UDOTWNU6yMUDozsWmQ6A&scope=email+profile+https%3A%2F%2Fwww.googleapis.com%2Fauth%2Fuserinfo.email+https%3A%2F%2Fwww.googleapis.com%2Fauth%2Fuserinfo.profile+openid&authuser=0&prompt=none HTTP/1.1" 302 0
[21/Sep/2020 03:47:48] INFO [django.server:154] "GET /accounts/ HTTP/1.1" 200 250
[21/Sep/2020 03:48:28] INFO [django.server:154] "GET /admin HTTP/1.1" 301 0
[21/Sep/2020 03:48:28] INFO [django.server:154] "GET /admin/ HTTP/1.1" 302 0
[21/Sep/2020 03:48:28] INFO [django.server:154] "GET /admin/login/?next=/admin/ HTTP/1.1" 200 2057
[21/Sep/2020 03:48:28] INFO [django.server:154] "GET /static/admin/css/login.css HTTP/1.1" 200 1233
[21/Sep/2020 03:48:28] INFO [django.server:154] "GET /static/admin/css/base.css HTTP/1.1" 200 16378
[21/Sep/2020 03:48:28] INFO [django.server:154] "GET /static/admin/css/responsive.css HTTP/1.1" 200 17944
[21/Sep/2020 03:48:28] INFO [django.server:154] "GET /static/admin/css/fonts.css HTTP/1.1" 200 423
[21/Sep/2020 03:48:29] INFO [django.server:154] "GET /static/admin/fonts/Roboto-Light-webfont.woff HTTP/1.1" 200 85692
[21/Sep/2020 03:48:29] INFO [django.server:154] "GET /static/admin/fonts/Roboto-Bold-webfont.woff HTTP/1.1" 200 86184
[21/Sep/2020 03:48:29] INFO [django.server:154] "GET /static/admin/fonts/Roboto-Regular-webfont.woff HTTP/1.1" 200 85876
[21/Sep/2020 03:48:37] INFO [django.server:154] "POST /admin/login/?next=/admin/ HTTP/1.1" 200 2282
[21/Sep/2020 03:48:46] INFO [django.server:154] "POST /admin/login/?next=/admin/ HTTP/1.1" 200 2282
[21/Sep/2020 03:48:52] INFO [django.server:154] "POST /admin/login/?next=/admin/ HTTP/1.1" 200 2282
[21/Sep/2020 03:50:36] INFO [django.utils.autoreload:586] Watching for file changes with StatReloader
[21/Sep/2020 03:50:39] INFO [django.server:154] "GET /admin/login/?next=/admin/ HTTP/1.1" 200 2057
[21/Sep/2020 03:50:46] INFO [django.server:154] "POST /admin/login/?next=/admin/ HTTP/1.1" 200 2282
[21/Sep/2020 03:50:52] INFO [django.server:154] "POST /admin/login/?next=/admin/ HTTP/1.1" 302 0
[21/Sep/2020 03:50:52] INFO [django.server:154] "GET /admin/ HTTP/1.1" 200 4805
[21/Sep/2020 03:50:52] INFO [django.server:154] "GET /static/admin/css/dashboard.css HTTP/1.1" 200 412
[21/Sep/2020 03:50:52] INFO [django.server:154] "GET /static/admin/img/icon-addlink.svg HTTP/1.1" 200 331
[21/Sep/2020 03:50:52] INFO [django.server:154] "GET /static/admin/img/icon-changelink.svg HTTP/1.1" 200 380
[21/Sep/2020 03:50:58] INFO [django.server:154] "GET /admin/social_django/association/ HTTP/1.1" 200 3863
[21/Sep/2020 03:50:58] INFO [django.server:154] "GET /static/admin/js/jquery.init.js HTTP/1.1" 200 363
[21/Sep/2020 03:50:58] INFO [django.server:154] "GET /admin/jsi18n/ HTTP/1.1" 200 8752
[21/Sep/2020 03:50:58] INFO [django.server:154] "GET /static/admin/css/changelists.css HTTP/1.1" 200 6170
[21/Sep/2020 03:50:58] INFO [django.server:154] "GET /static/admin/js/core.js HTTP/1.1" 200 7099
[21/Sep/2020 03:50:58] INFO [django.server:154] "GET /static/admin/js/admin/RelatedObjectLookups.js HTTP/1.1" 200 6918
[21/Sep/2020 03:50:58] INFO [django.server:154] "GET /static/admin/js/actions.js HTTP/1.1" 200 6766
[21/Sep/2020 03:50:58] INFO [django.server:154] "GET /static/admin/js/vendor/jquery/jquery.js HTTP/1.1" 200 271817
[21/Sep/2020 03:50:58] INFO [django.server:154] "GET /static/admin/js/prepopulate.js HTTP/1.1" 200 1530
[21/Sep/2020 03:50:58] INFO [django.server:154] "GET /static/admin/js/urlify.js HTTP/1.1" 200 8941
[21/Sep/2020 03:50:58] INFO [django.server:154] "GET /static/admin/js/vendor/xregexp/xregexp.js HTTP/1.1" 200 128820
[21/Sep/2020 03:50:58] INFO [django.server:154] "GET /static/admin/img/search.svg HTTP/1.1" 200 458
[21/Sep/2020 03:50:58] INFO [django.server:154] "GET /static/admin/img/tooltag-add.svg HTTP/1.1" 200 331
[21/Sep/2020 03:50:59] INFO [django.server:154] "GET /admin/ HTTP/1.1" 200 4805
[21/Sep/2020 03:51:02] INFO [django.server:154] "GET /admin/social_django/nonce/ HTTP/1.1" 200 3574
[21/Sep/2020 03:51:03] INFO [django.server:154] "GET /admin/jsi18n/ HTTP/1.1" 200 8752
[21/Sep/2020 03:51:04] INFO [django.server:154] "GET /admin/ HTTP/1.1" 200 4805
[21/Sep/2020 03:51:10] INFO [django.server:154] "GET /admin/social_django/usersocialauth/ HTTP/1.1" 200 5830
[21/Sep/2020 03:51:10] INFO [django.server:154] "GET /admin/jsi18n/ HTTP/1.1" 200 8752
[21/Sep/2020 03:51:13] INFO [django.server:154] "GET /admin/social_django/usersocialauth/1/change/ HTTP/1.1" 200 6843
[21/Sep/2020 03:51:13] INFO [django.server:154] "GET /static/admin/js/change_form.js HTTP/1.1" 200 712
[21/Sep/2020 03:51:13] INFO [django.server:154] "GET /static/admin/js/prepopulate_init.js HTTP/1.1" 200 495
[21/Sep/2020 03:51:13] INFO [django.server:154] "GET /admin/jsi18n/ HTTP/1.1" 200 8752
[21/Sep/2020 03:51:13] INFO [django.server:154] "GET /static/admin/css/forms.css HTTP/1.1" 200 8518
[21/Sep/2020 03:51:13] INFO [django.server:154] "GET /static/admin/css/widgets.css HTTP/1.1" 200 10340
[21/Sep/2020 03:51:16] INFO [django.server:154] "GET /admin/social_django/usersocialauth/ HTTP/1.1" 200 5830
[21/Sep/2020 03:51:17] INFO [django.server:154] "GET /admin/ HTTP/1.1" 200 4805
[21/Sep/2020 03:51:18] INFO [django.server:154] "GET /admin/auth/group/ HTTP/1.1" 200 3577
[21/Sep/2020 03:51:18] INFO [django.server:154] "GET /admin/jsi18n/ HTTP/1.1" 200 8752
[21/Sep/2020 03:51:19] INFO [django.server:154] "GET /admin/ HTTP/1.1" 200 4805
[21/Sep/2020 03:51:20] INFO [django.server:154] "GET /admin/auth/user/ HTTP/1.1" 200 7370
[21/Sep/2020 03:51:20] INFO [django.server:154] "GET /admin/jsi18n/ HTTP/1.1" 200 8752
[21/Sep/2020 03:51:20] INFO [django.server:154] "GET /static/admin/img/icon-no.svg HTTP/1.1" 200 560
[21/Sep/2020 03:51:20] INFO [django.server:154] "GET /static/admin/img/icon-yes.svg HTTP/1.1" 200 436
[21/Sep/2020 03:51:20] INFO [django.server:154] "GET /static/admin/img/sorting-icons.svg HTTP/1.1" 200 1097
[21/Sep/2020 03:51:35] INFO [django.server:154] "GET /admin/ HTTP/1.1" 200 4805
[21/Sep/2020 03:51:36] INFO [django.server:154] "GET /admin/auth/user/ HTTP/1.1" 200 7370
[21/Sep/2020 03:51:36] INFO [django.server:154] "GET /admin/jsi18n/ HTTP/1.1" 200 8752
[21/Sep/2020 03:51:38] INFO [django.server:154] "GET /admin/ HTTP/1.1" 200 4805
[21/Sep/2020 03:51:39] INFO [django.server:154] "GET /admin/auth/group/ HTTP/1.1" 200 3577
[21/Sep/2020 03:51:40] INFO [django.server:154] "GET /admin/jsi18n/ HTTP/1.1" 200 8752
[21/Sep/2020 03:51:40] INFO [django.server:154] "GET /admin/ HTTP/1.1" 200 4805
[21/Sep/2020 03:51:43] INFO [django.server:154] "GET /admin/auth/user/ HTTP/1.1" 200 7370
[21/Sep/2020 03:51:43] INFO [django.server:154] "GET /admin/jsi18n/ HTTP/1.1" 200 8752
[21/Sep/2020 03:51:49] INFO [django.server:154] "POST /admin/auth/user/ HTTP/1.1" 200 3608
[21/Sep/2020 03:51:49] INFO [django.server:154] "GET /static/admin/js/cancel.js HTTP/1.1" 200 409
[21/Sep/2020 03:51:51] INFO [django.server:154] "POST /admin/auth/user/ HTTP/1.1" 302 0
[21/Sep/2020 03:51:51] INFO [django.server:154] "GET /admin/auth/user/ HTTP/1.1" 200 7061
[21/Sep/2020 03:51:51] INFO [django.server:154] "GET /admin/jsi18n/ HTTP/1.1" 200 8752
[21/Sep/2020 03:51:56] ERROR [django.request:228] Internal Server Error: /
Traceback (most recent call last):
  File "/Users/nakashimayuta/.pyenv/versions/3.7.0/lib/python3.7/site-packages/django/template/base.py", line 470, in parse
    compile_func = self.tags[command]
KeyError: 'static'

During handling of the above exception, another exception occurred:

Traceback (most recent call last):
  File "/Users/nakashimayuta/.pyenv/versions/3.7.0/lib/python3.7/site-packages/django/core/handlers/exception.py", line 34, in inner
    response = get_response(request)
  File "/Users/nakashimayuta/.pyenv/versions/3.7.0/lib/python3.7/site-packages/django/core/handlers/base.py", line 115, in _get_response
    response = self.process_exception_by_middleware(e, request)
  File "/Users/nakashimayuta/.pyenv/versions/3.7.0/lib/python3.7/site-packages/django/core/handlers/base.py", line 113, in _get_response
    response = wrapped_callback(request, *callback_args, **callback_kwargs)
  File "/Users/nakashimayuta/.pyenv/versions/3.7.0/lib/python3.7/site-packages/sentry_sdk/integrations/django/views.py", line 63, in callback
    return old_callback(*args, **kwargs)
  File "/Users/nakashimayuta/.pyenv/versions/3.7.0/lib/python3.7/site-packages/sentry_sdk/integrations/django/views.py", line 63, in callback
    return old_callback(*args, **kwargs)
  File "/Users/nakashimayuta/Documents/GitHub/favolyric/app/favolyric/views.py", line 12, in index
    return render(request, 'favolyric/index.html')
  File "/Users/nakashimayuta/.pyenv/versions/3.7.0/lib/python3.7/site-packages/django/shortcuts.py", line 36, in render
    content = loader.render_to_string(template_name, context, request, using=using)
  File "/Users/nakashimayuta/.pyenv/versions/3.7.0/lib/python3.7/site-packages/django/template/loader.py", line 61, in render_to_string
    template = get_template(template_name, using=using)
  File "/Users/nakashimayuta/.pyenv/versions/3.7.0/lib/python3.7/site-packages/django/template/loader.py", line 15, in get_template
    return engine.get_template(template_name)
  File "/Users/nakashimayuta/.pyenv/versions/3.7.0/lib/python3.7/site-packages/django/template/backends/django.py", line 34, in get_template
    return Template(self.engine.get_template(template_name), self)
  File "/Users/nakashimayuta/.pyenv/versions/3.7.0/lib/python3.7/site-packages/django/template/engine.py", line 143, in get_template
    template, origin = self.find_template(template_name)
  File "/Users/nakashimayuta/.pyenv/versions/3.7.0/lib/python3.7/site-packages/django/template/engine.py", line 125, in find_template
    template = loader.get_template(name, skip=skip)
  File "/Users/nakashimayuta/.pyenv/versions/3.7.0/lib/python3.7/site-packages/django/template/loaders/base.py", line 30, in get_template
    contents, origin, origin.template_name, self.engine,
  File "/Users/nakashimayuta/.pyenv/versions/3.7.0/lib/python3.7/site-packages/django/template/base.py", line 156, in __init__
    self.nodelist = self.compile_nodelist()
  File "/Users/nakashimayuta/.pyenv/versions/3.7.0/lib/python3.7/site-packages/django/template/base.py", line 194, in compile_nodelist
    return parser.parse()
  File "/Users/nakashimayuta/.pyenv/versions/3.7.0/lib/python3.7/site-packages/django/template/base.py", line 472, in parse
    self.invalid_block_tag(token, command, parse_until)
  File "/Users/nakashimayuta/.pyenv/versions/3.7.0/lib/python3.7/site-packages/django/template/base.py", line 534, in invalid_block_tag
    "or load this tag?" % (token.lineno, command)
django.template.exceptions.TemplateSyntaxError: Invalid block tag on line 19: 'static'. Did you forget to register or load this tag?
[21/Sep/2020 03:51:56] ERROR [django.server:154] "GET / HTTP/1.1" 500 146086
[21/Sep/2020 03:52:01] INFO [django.server:154] "GET /accounts HTTP/1.1" 301 0
[21/Sep/2020 03:52:01] INFO [django.server:154] "GET /accounts/ HTTP/1.1" 200 237
[21/Sep/2020 03:52:03] INFO [django.server:154] "GET /accounts/logout/ HTTP/1.1" 302 0
[21/Sep/2020 03:52:03] INFO [django.server:154] "GET /accounts/login HTTP/1.1" 200 443
[21/Sep/2020 03:52:05] INFO [django.server:154] "POST /accounts/login HTTP/1.1" 200 443
[21/Sep/2020 03:52:07] INFO [django.server:154] "GET /accounts/auth/login/google-oauth2/ HTTP/1.1" 302 0
[21/Sep/2020 03:52:08] INFO [django.server:154] "GET /accounts/auth/complete/google-oauth2/?state=sdEw7I0q2gc1SMfzVdPrWUVwccsmfdNk&code=4%2F4QFsO8qsJFmbwA9gvx0G0iiHRERH3PQvzp85i2ne5C3FCvg2URgDkbp1cuFhZYWixWozn9hl927jz2HcPrqJJIQ&scope=email+profile+openid+https%3A%2F%2Fwww.googleapis.com%2Fauth%2Fuserinfo.profile+https%3A%2F%2Fwww.googleapis.com%2Fauth%2Fuserinfo.email&authuser=0&prompt=none HTTP/1.1" 302 0
[21/Sep/2020 03:52:08] INFO [django.server:154] "GET /accounts/ HTTP/1.1" 200 250
[21/Sep/2020 03:52:18] INFO [django.server:154] "GET /admin/ HTTP/1.1" 302 0
[21/Sep/2020 03:52:18] INFO [django.server:154] "GET /admin/login/?next=/admin/ HTTP/1.1" 200 2057
[21/Sep/2020 03:52:24] INFO [django.server:154] "POST /admin/login/?next=/admin/ HTTP/1.1" 200 2282
[21/Sep/2020 03:52:29] INFO [django.server:154] "POST /admin/login/?next=/admin/ HTTP/1.1" 302 0
[21/Sep/2020 03:52:29] INFO [django.server:154] "GET /admin/ HTTP/1.1" 200 5099
[21/Sep/2020 03:52:29] INFO [django.server:154] "GET /static/admin/img/icon-deletelink.svg HTTP/1.1" 200 392
[21/Sep/2020 03:52:32] INFO [django.server:154] "GET /admin/social_django/usersocialauth/ HTTP/1.1" 200 5830
[21/Sep/2020 03:52:32] INFO [django.server:154] "GET /admin/jsi18n/ HTTP/1.1" 200 8752
[21/Sep/2020 03:52:34] INFO [django.server:154] "GET /admin/ HTTP/1.1" 200 5099
[21/Sep/2020 03:52:35] INFO [django.server:154] "GET /admin/social_django/nonce/ HTTP/1.1" 200 3574
[21/Sep/2020 03:52:35] INFO [django.server:154] "GET /admin/jsi18n/ HTTP/1.1" 200 8752
[21/Sep/2020 03:52:36] INFO [django.server:154] "GET /admin/ HTTP/1.1" 200 5099
[21/Sep/2020 03:52:36] INFO [django.server:154] "GET /admin/social_django/association/ HTTP/1.1" 200 3863
[21/Sep/2020 03:52:36] INFO [django.server:154] "GET /admin/jsi18n/ HTTP/1.1" 200 8752
